{"C:\\Users\\M4800\\Documents\\GitHub\\react-native-test-demo\\src\\components\\Button.js": {"path":"C:\\Users\\M4800\\Documents\\GitHub\\react-native-test-demo\\src\\components\\Button.js","statementMap":{"0":{"start":{"line":1,"column":42},"end":{"line":1,"column":97}},"1":{"start":{"line":1,"column":128},"end":{"line":1,"column":184}},"2":{"start":{"line":1,"column":185},"end":{"line":1,"column":247}},"3":{"start":{"line":1,"column":247},"end":{"line":1,"column":272}},"4":{"start":{"line":1,"column":295},"end":{"line":1,"column":367}},"5":{"start":{"line":1,"column":388},"end":{"line":1,"column":457}},"6":{"start":{"line":1,"column":475},"end":{"line":1,"column":541}},"7":{"start":{"line":1,"column":576},"end":{"line":1,"column":659}},"8":{"start":{"line":1,"column":683},"end":{"line":1,"column":755}},"9":{"start":{"line":1,"column":769},"end":{"line":1,"column":810}},"10":{"start":{"line":2,"column":19},"end":{"line":2,"column":42}},"11":{"start":{"line":2,"column":62},"end":{"line":2,"column":151}},"12":{"start":{"line":2,"column":216},"end":{"line":2,"column":243}},"13":{"start":{"line":2,"column":244},"end":{"line":2,"column":605}},"14":{"start":{"line":2,"column":296},"end":{"line":2,"column":334}},"15":{"start":{"line":2,"column":342},"end":{"line":2,"column":541}},"16":{"start":{"line":2,"column":390},"end":{"line":2,"column":437}},"17":{"start":{"line":2,"column":438},"end":{"line":2,"column":494}},"18":{"start":{"line":2,"column":502},"end":{"line":2,"column":540}},"19":{"start":{"line":2,"column":541},"end":{"line":2,"column":603}},"20":{"start":{"line":2,"column":644},"end":{"line":2,"column":715}},"21":{"start":{"line":2,"column":702},"end":{"line":2,"column":715}},"22":{"start":{"line":2,"column":715},"end":{"line":2,"column":756}},"23":{"start":{"line":2,"column":743},"end":{"line":2,"column":756}},"24":{"start":{"line":2,"column":756},"end":{"line":2,"column":801}},"25":{"start":{"line":2,"column":789},"end":{"line":2,"column":801}},"26":{"start":{"line":2,"column":801},"end":{"line":2,"column":924}},"27":{"start":{"line":2,"column":806},"end":{"line":2,"column":885}},"28":{"start":{"line":2,"column":885},"end":{"line":2,"column":897}},"29":{"start":{"line":2,"column":910},"end":{"line":2,"column":923}},"30":{"start":{"line":5,"column":9},"end":{"line":32,"column":43}},"31":{"start":{"line":5,"column":32},"end":{"line":5,"column":76}},"32":{"start":{"line":5,"column":89},"end":{"line":5,"column":109}},"33":{"start":{"line":6,"column":36},"end":{"line":6,"column":80}},"34":{"start":{"line":7,"column":4},"end":{"line":7,"column":37}},"35":{"start":{"line":7,"column":37},"end":{"line":15,"column":6}},"36":{"start":{"line":12,"column":16},"end":{"line":12,"column":33}},"37":{"start":{"line":13,"column":6},"end":{"line":13,"column":40}},"38":{"start":{"line":14,"column":6},"end":{"line":14,"column":16}},"39":{"start":{"line":15,"column":6},"end":{"line":15,"column":19}},"40":{"start":{"line":15,"column":20},"end":{"line":32,"column":10}},"41":{"start":{"line":19,"column":20},"end":{"line":19,"column":38}},"42":{"start":{"line":19,"column":51},"end":{"line":19,"column":67}},"43":{"start":{"line":20,"column":6},"end":{"line":20,"column":16}},"44":{"start":{"line":20,"column":25},"end":{"line":20,"column":42}},"45":{"start":{"line":20,"column":53},"end":{"line":20,"column":72}},"46":{"start":{"line":23,"column":27},"end":{"line":23,"column":126}},"47":{"start":{"line":25,"column":6},"end":{"line":28,"column":17}},"48":{"start":{"line":32,"column":10},"end":{"line":32,"column":24}},"49":{"start":{"line":35,"column":0},"end":{"line":36,"column":18}},"50":{"start":{"line":39,"column":13},"end":{"line":55,"column":23}},"51":{"start":{"line":59,"column":0},"end":{"line":59,"column":6}},"52":{"start":{"line":59,"column":7},"end":{"line":59,"column":34}}},"fnMap":{"0":{"name":"_createSuper","decl":{"start":{"line":2,"column":161},"end":{"line":2,"column":173}},"loc":{"start":{"line":2,"column":183},"end":{"line":2,"column":606}},"line":2},"1":{"name":"_createSuperInternal","decl":{"start":{"line":2,"column":260},"end":{"line":2,"column":280}},"loc":{"start":{"line":2,"column":283},"end":{"line":2,"column":604}},"line":2},"2":{"name":"_isNativeReflectConstruct","decl":{"start":{"line":2,"column":615},"end":{"line":2,"column":640}},"loc":{"start":{"line":2,"column":643},"end":{"line":2,"column":925}},"line":2},"3":{"name":"(anonymous_3)","decl":{"start":{"line":2,"column":868},"end":{"line":2,"column":869}},"loc":{"start":{"line":2,"column":880},"end":{"line":2,"column":882}},"line":2},"4":{"name":"(anonymous_4)","decl":{"start":{"line":5,"column":9},"end":{"line":5,"column":10}},"loc":{"start":{"line":5,"column":31},"end":{"line":32,"column":25}},"line":5},"5":{"name":"Button","decl":{"start":{"line":6,"column":11},"end":{"line":6,"column":17}},"loc":{"start":{"line":6,"column":25},"end":{"line":15,"column":20}},"line":6},"6":{"name":"(anonymous_6)","decl":{"start":{"line":11,"column":21},"end":{"line":11,"column":22}},"loc":{"start":{"line":11,"column":33},"end":{"line":15,"column":5}},"line":11},"7":{"name":"render","decl":{"start":{"line":18,"column":13},"end":{"line":18,"column":19}},"loc":{"start":{"line":18,"column":22},"end":{"line":32,"column":5}},"line":18}},"branchMap":{"0":{"loc":{"start":{"line":2,"column":342},"end":{"line":2,"column":541}},"type":"if","locations":[{"start":{"line":2,"column":342},"end":{"line":2,"column":541}},{"start":{"line":2,"column":342},"end":{"line":2,"column":541}}],"line":2},"1":{"loc":{"start":{"line":2,"column":644},"end":{"line":2,"column":715}},"type":"if","locations":[{"start":{"line":2,"column":644},"end":{"line":2,"column":715}},{"start":{"line":2,"column":644},"end":{"line":2,"column":715}}],"line":2},"2":{"loc":{"start":{"line":2,"column":648},"end":{"line":2,"column":700}},"type":"binary-expr","locations":[{"start":{"line":2,"column":648},"end":{"line":2,"column":678}},{"start":{"line":2,"column":682},"end":{"line":2,"column":700}}],"line":2},"3":{"loc":{"start":{"line":2,"column":715},"end":{"line":2,"column":756}},"type":"if","locations":[{"start":{"line":2,"column":715},"end":{"line":2,"column":756}},{"start":{"line":2,"column":715},"end":{"line":2,"column":756}}],"line":2},"4":{"loc":{"start":{"line":2,"column":756},"end":{"line":2,"column":801}},"type":"if","locations":[{"start":{"line":2,"column":756},"end":{"line":2,"column":801}},{"start":{"line":2,"column":756},"end":{"line":2,"column":801}}],"line":2},"5":{"loc":{"start":{"line":23,"column":27},"end":{"line":23,"column":126}},"type":"cond-expr","locations":[{"start":{"line":23,"column":37},"end":{"line":23,"column":48}},{"start":{"line":23,"column":51},"end":{"line":23,"column":126}}],"line":23}},"s":{"0":1,"1":1,"2":1,"3":1,"4":1,"5":1,"6":1,"7":1,"8":1,"9":1,"10":1,"11":1,"12":1,"13":1,"14":3,"15":3,"16":3,"17":3,"18":0,"19":3,"20":1,"21":0,"22":1,"23":0,"24":1,"25":1,"26":0,"27":0,"28":0,"29":0,"30":1,"31":1,"32":1,"33":3,"34":3,"35":3,"36":1,"37":1,"38":1,"39":3,"40":1,"41":3,"42":3,"43":3,"44":3,"45":3,"46":3,"47":3,"48":1,"49":1,"50":1,"51":1,"52":1},"f":{"0":1,"1":3,"2":1,"3":0,"4":1,"5":3,"6":1,"7":3},"b":{"0":[3,0],"1":[0,1],"2":[1,1],"3":[0,1],"4":[1,0],"5":[2,1]},"inputSourceMap":null,"_coverageSchema":"1a1c01bbd47fc00a2c39e90264f33305004495a9","hash":"506f78d18940a86ea2c490b0f15bad9b3ebf87ad"}
,"C:\\Users\\M4800\\Documents\\GitHub\\react-native-test-demo\\src\\components\\Intro.js": {"path":"C:\\Users\\M4800\\Documents\\GitHub\\react-native-test-demo\\src\\components\\Intro.js","statementMap":{"0":{"start":{"line":1,"column":42},"end":{"line":1,"column":97}},"1":{"start":{"line":1,"column":128},"end":{"line":1,"column":184}},"2":{"start":{"line":1,"column":185},"end":{"line":1,"column":247}},"3":{"start":{"line":1,"column":247},"end":{"line":1,"column":272}},"4":{"start":{"line":1,"column":295},"end":{"line":1,"column":367}},"5":{"start":{"line":1,"column":388},"end":{"line":1,"column":457}},"6":{"start":{"line":1,"column":475},"end":{"line":1,"column":541}},"7":{"start":{"line":1,"column":576},"end":{"line":1,"column":659}},"8":{"start":{"line":1,"column":683},"end":{"line":1,"column":755}},"9":{"start":{"line":1,"column":769},"end":{"line":1,"column":810}},"10":{"start":{"line":2,"column":19},"end":{"line":2,"column":42}},"11":{"start":{"line":2,"column":62},"end":{"line":2,"column":150}},"12":{"start":{"line":2,"column":215},"end":{"line":2,"column":242}},"13":{"start":{"line":2,"column":243},"end":{"line":2,"column":604}},"14":{"start":{"line":2,"column":295},"end":{"line":2,"column":333}},"15":{"start":{"line":2,"column":341},"end":{"line":2,"column":540}},"16":{"start":{"line":2,"column":389},"end":{"line":2,"column":436}},"17":{"start":{"line":2,"column":437},"end":{"line":2,"column":493}},"18":{"start":{"line":2,"column":501},"end":{"line":2,"column":539}},"19":{"start":{"line":2,"column":540},"end":{"line":2,"column":602}},"20":{"start":{"line":2,"column":643},"end":{"line":2,"column":714}},"21":{"start":{"line":2,"column":701},"end":{"line":2,"column":714}},"22":{"start":{"line":2,"column":714},"end":{"line":2,"column":755}},"23":{"start":{"line":2,"column":742},"end":{"line":2,"column":755}},"24":{"start":{"line":2,"column":755},"end":{"line":2,"column":800}},"25":{"start":{"line":2,"column":788},"end":{"line":2,"column":800}},"26":{"start":{"line":2,"column":800},"end":{"line":2,"column":923}},"27":{"start":{"line":2,"column":805},"end":{"line":2,"column":884}},"28":{"start":{"line":2,"column":884},"end":{"line":2,"column":896}},"29":{"start":{"line":2,"column":909},"end":{"line":2,"column":922}},"30":{"start":{"line":4,"column":8},"end":{"line":14,"column":42}},"31":{"start":{"line":4,"column":31},"end":{"line":4,"column":74}},"32":{"start":{"line":4,"column":87},"end":{"line":4,"column":106}},"33":{"start":{"line":4,"column":125},"end":{"line":4,"column":168}},"34":{"start":{"line":4,"column":168},"end":{"line":4,"column":205}},"35":{"start":{"line":4,"column":206},"end":{"line":14,"column":10}},"36":{"start":{"line":6,"column":6},"end":{"line":9,"column":214}},"37":{"start":{"line":14,"column":10},"end":{"line":14,"column":23}},"38":{"start":{"line":17,"column":13},"end":{"line":32,"column":28}},"39":{"start":{"line":36,"column":0},"end":{"line":36,"column":5}},"40":{"start":{"line":36,"column":6},"end":{"line":36,"column":33}}},"fnMap":{"0":{"name":"_createSuper","decl":{"start":{"line":2,"column":160},"end":{"line":2,"column":172}},"loc":{"start":{"line":2,"column":182},"end":{"line":2,"column":605}},"line":2},"1":{"name":"_createSuperInternal","decl":{"start":{"line":2,"column":259},"end":{"line":2,"column":279}},"loc":{"start":{"line":2,"column":282},"end":{"line":2,"column":603}},"line":2},"2":{"name":"_isNativeReflectConstruct","decl":{"start":{"line":2,"column":614},"end":{"line":2,"column":639}},"loc":{"start":{"line":2,"column":642},"end":{"line":2,"column":924}},"line":2},"3":{"name":"(anonymous_3)","decl":{"start":{"line":2,"column":867},"end":{"line":2,"column":868}},"loc":{"start":{"line":2,"column":879},"end":{"line":2,"column":881}},"line":2},"4":{"name":"(anonymous_4)","decl":{"start":{"line":4,"column":8},"end":{"line":4,"column":9}},"loc":{"start":{"line":4,"column":30},"end":{"line":14,"column":24}},"line":4},"5":{"name":"Intro","decl":{"start":{"line":4,"column":116},"end":{"line":4,"column":121}},"loc":{"start":{"line":4,"column":124},"end":{"line":4,"column":206}},"line":4},"6":{"name":"render","decl":{"start":{"line":5,"column":13},"end":{"line":5,"column":19}},"loc":{"start":{"line":5,"column":22},"end":{"line":14,"column":5}},"line":5}},"branchMap":{"0":{"loc":{"start":{"line":2,"column":341},"end":{"line":2,"column":540}},"type":"if","locations":[{"start":{"line":2,"column":341},"end":{"line":2,"column":540}},{"start":{"line":2,"column":341},"end":{"line":2,"column":540}}],"line":2},"1":{"loc":{"start":{"line":2,"column":643},"end":{"line":2,"column":714}},"type":"if","locations":[{"start":{"line":2,"column":643},"end":{"line":2,"column":714}},{"start":{"line":2,"column":643},"end":{"line":2,"column":714}}],"line":2},"2":{"loc":{"start":{"line":2,"column":647},"end":{"line":2,"column":699}},"type":"binary-expr","locations":[{"start":{"line":2,"column":647},"end":{"line":2,"column":677}},{"start":{"line":2,"column":681},"end":{"line":2,"column":699}}],"line":2},"3":{"loc":{"start":{"line":2,"column":714},"end":{"line":2,"column":755}},"type":"if","locations":[{"start":{"line":2,"column":714},"end":{"line":2,"column":755}},{"start":{"line":2,"column":714},"end":{"line":2,"column":755}}],"line":2},"4":{"loc":{"start":{"line":2,"column":755},"end":{"line":2,"column":800}},"type":"if","locations":[{"start":{"line":2,"column":755},"end":{"line":2,"column":800}},{"start":{"line":2,"column":755},"end":{"line":2,"column":800}}],"line":2}},"s":{"0":1,"1":1,"2":1,"3":1,"4":1,"5":1,"6":1,"7":1,"8":1,"9":1,"10":1,"11":1,"12":1,"13":1,"14":1,"15":1,"16":1,"17":1,"18":0,"19":1,"20":1,"21":0,"22":1,"23":0,"24":1,"25":1,"26":0,"27":0,"28":0,"29":0,"30":1,"31":1,"32":1,"33":1,"34":1,"35":1,"36":1,"37":1,"38":1,"39":1,"40":1},"f":{"0":1,"1":1,"2":1,"3":0,"4":1,"5":1,"6":1},"b":{"0":[1,0],"1":[0,1],"2":[1,1],"3":[0,1],"4":[1,0]},"inputSourceMap":null,"_coverageSchema":"1a1c01bbd47fc00a2c39e90264f33305004495a9","hash":"03b653b51324d017e1822eb647c2f1f7b707fdc6"}
}
