TN:
SF:src\components\Button.js
FN:2,_createSuper
FN:2,_createSuperInternal
FN:2,_isNativeReflectConstruct
FN:2,(anonymous_3)
FN:5,(anonymous_4)
FN:6,Button
FN:11,(anonymous_6)
FN:18,render
FNF:8
FNH:7
FNDA:1,_createSuper
FNDA:3,_createSuperInternal
FNDA:1,_isNativeReflectConstruct
FNDA:0,(anonymous_3)
FNDA:1,(anonymous_4)
FNDA:3,Button
FNDA:1,(anonymous_6)
FNDA:3,render
DA:1,1
DA:2,3
DA:5,1
DA:6,3
DA:7,3
DA:12,1
DA:13,1
DA:14,1
DA:15,3
DA:19,3
DA:20,3
DA:23,3
DA:25,3
DA:32,1
DA:35,1
DA:39,1
DA:59,1
LF:17
LH:17
BRDA:2,0,0,3
BRDA:2,0,1,0
BRDA:2,1,0,0
BRDA:2,1,1,1
BRDA:2,2,0,1
BRDA:2,2,1,1
BRDA:2,3,0,0
BRDA:2,3,1,1
BRDA:2,4,0,1
BRDA:2,4,1,0
BRDA:23,5,0,2
BRDA:23,5,1,1
BRF:12
BRH:8
end_of_record
TN:
SF:src\components\Intro.js
FN:2,_createSuper
FN:2,_createSuperInternal
FN:2,_isNativeReflectConstruct
FN:2,(anonymous_3)
FN:4,(anonymous_4)
FN:4,Intro
FN:5,render
FNF:7
FNH:6
FNDA:1,_createSuper
FNDA:1,_createSuperInternal
FNDA:1,_isNativeReflectConstruct
FNDA:0,(anonymous_3)
FNDA:1,(anonymous_4)
FNDA:1,Intro
FNDA:1,render
DA:1,1
DA:2,1
DA:4,1
DA:6,1
DA:14,1
DA:17,1
DA:36,1
LF:7
LH:7
BRDA:2,0,0,1
BRDA:2,0,1,0
BRDA:2,1,0,0
BRDA:2,1,1,1
BRDA:2,2,0,1
BRDA:2,2,1,1
BRDA:2,3,0,0
BRDA:2,3,1,1
BRDA:2,4,0,1
BRDA:2,4,1,0
BRF:10
BRH:6
end_of_record
